node:events:497
      throw er; // Unhandled 'error' event
      ^

Error: listen EADDRINUSE: address already in use :::5000
    at Server.setupListenHandle [as _listen2] (node:net:1908:16)
    at listenInCluster (node:net:1965:12)
    at Server.listen (node:net:2067:7)
    at Function.listen (/Users/sandy/Desktop/Zone/Fully Ramped/Roomies/server/node_modules/express/lib/application.js:635:24)
    at file:///Users/sandy/Desktop/Zone/Fully%20Ramped/Roomies/server/src/index.js:39:5
    at ModuleJob.run (node:internal/modules/esm/module_job:262:25)
    at async onImport.tracePromise.__proto__ (node:internal/modules/esm/loader:483:26)
    at async asyncRunEntryPointWithESMLoader (node:internal/modules/run_main:117:5)
Emitted 'error' event on Server instance at:
    at emitErrorNT (node:net:1944:8)
    at process.processTicksAndRejections (node:internal/process/task_queues:90:21) {
  code: 'EADDRINUSE',
  errno: -48,
  syscall: 'listen',
  address: '::',
  port: 5000
}

Node.js v22.9.0
